<?xml version="1.0" encoding="UTF-8"?>
<!-- Generated by org.testng.reporters.JUnitReportReporter -->
<testsuite skipped="0" hostname="LP-PC0MQFYK" name="FileUpload.FileUpload" tests="1" failures="0" timestamp="03 May 2019 17:31:35 GMT" time="16.325" errors="0">
  <testcase name="f" time="16.325" classname="FileUpload.FileUpload"/>
</testsuite> <!-- FileUpload.FileUpload -->
